{"uid":"aaba399734c5e77c","name":"Filter bookshelves by storage type, price, and availability","fullName":"src/test/resources/features/01_BookShelves.feature:26","historyId":"bf4b581ec901bd0dc74d4e48c64d5474","time":{"start":1753070523601,"stop":1753070545985,"duration":22384},"description":"  As a user of the Urban Ladder website\n  I want to browse, filter, and purchase items\n  So that I can find products that match my preferences","descriptionHtml":"<p>As a user of the Urban Ladder website<br />\nI want to browse, filter, and purchase items<br />\nSo that I can find products that match my preferences</p>\n","status":"broken","statusMessage":"stale element reference: stale element not found in the current frame\n  (Session info: chrome=137.0.7151.69)\nFor documentation on this error, please visit: https://www.selenium.dev/documentation/webdriver/troubleshooting/errors#stale-element-reference-exception\nBuild info: version: '4.32.0', revision: 'd17c8aa950'\nSystem info: os.name: 'Windows 11', os.arch: 'amd64', os.version: '10.0', java.version: '21'\nDriver info: org.openqa.selenium.remote.RemoteWebDriver\nCommand: [339d1c43a231276dd470e1dd317b4646, isElementDisplayed {id=f.99AF2B0AE2CFB46015953F305CD3CAFC.d.A548256D4AB3D8986F2B61EA333FA0DE.e.214}]\nCapabilities {acceptInsecureCerts: false, browserName: chrome, browserVersion: 137.0.7151.69, chrome: {chromedriverVersion: 137.0.7151.119 (e0ac9d12dff..., userDataDir: C:\\Users\\2407279\\AppData\\Lo...}, fedcm:accounts: true, goog:chromeOptions: {debuggerAddress: localhost:53352}, networkConnectionEnabled: false, pageLoadStrategy: normal, platformName: windows, proxy: Proxy(), se:bidiEnabled: false, se:cdp: ws://10.109.177.224:4444/se..., se:cdpVersion: 137.0.7151.69, setWindowRect: true, strictFileInteractability: false, timeouts: {implicit: 0, pageLoad: 300000, script: 30000}, unhandledPromptBehavior: dismiss and notify, webauthn:extension:credBlob: true, webauthn:extension:largeBlob: true, webauthn:extension:minPinLength: true, webauthn:extension:prf: true, webauthn:virtualAuthenticators: true}\nElement: [[RemoteWebDriver: chrome on windows (339d1c43a231276dd470e1dd317b4646)] -> xpath: (//*[@id=\"content\"]/div[3]/ul/li/div/div[5]/a/div[1]/span)[position()<=3]]\nSession ID: 339d1c43a231276dd470e1dd317b4646","statusTrace":"org.openqa.selenium.StaleElementReferenceException: stale element reference: stale element not found in the current frame\n  (Session info: chrome=137.0.7151.69)\nFor documentation on this error, please visit: https://www.selenium.dev/documentation/webdriver/troubleshooting/errors#stale-element-reference-exception\nBuild info: version: '4.32.0', revision: 'd17c8aa950'\nSystem info: os.name: 'Windows 11', os.arch: 'amd64', os.version: '10.0', java.version: '21'\nDriver info: org.openqa.selenium.remote.RemoteWebDriver\nCommand: [339d1c43a231276dd470e1dd317b4646, isElementDisplayed {id=f.99AF2B0AE2CFB46015953F305CD3CAFC.d.A548256D4AB3D8986F2B61EA333FA0DE.e.214}]\nCapabilities {acceptInsecureCerts: false, browserName: chrome, browserVersion: 137.0.7151.69, chrome: {chromedriverVersion: 137.0.7151.119 (e0ac9d12dff..., userDataDir: C:\\Users\\2407279\\AppData\\Lo...}, fedcm:accounts: true, goog:chromeOptions: {debuggerAddress: localhost:53352}, networkConnectionEnabled: false, pageLoadStrategy: normal, platformName: windows, proxy: Proxy(), se:bidiEnabled: false, se:cdp: ws://10.109.177.224:4444/se..., se:cdpVersion: 137.0.7151.69, setWindowRect: true, strictFileInteractability: false, timeouts: {implicit: 0, pageLoad: 300000, script: 30000}, unhandledPromptBehavior: dismiss and notify, webauthn:extension:credBlob: true, webauthn:extension:largeBlob: true, webauthn:extension:minPinLength: true, webauthn:extension:prf: true, webauthn:virtualAuthenticators: true}\nElement: [[RemoteWebDriver: chrome on windows (339d1c43a231276dd470e1dd317b4646)] -> xpath: (//*[@id=\"content\"]/div[3]/ul/li/div/div[5]/a/div[1]/span)[position()<=3]]\nSession ID: 339d1c43a231276dd470e1dd317b4646\r\n\tat java.base/jdk.internal.reflect.DirectConstructorHandleAccessor.newInstance(DirectConstructorHandleAccessor.java:62)\r\n\tat java.base/java.lang.reflect.Constructor.newInstanceWithCaller(Constructor.java:502)\r\n\tat java.base/java.lang.reflect.Constructor.newInstance(Constructor.java:486)\r\n\tat org.openqa.selenium.remote.ErrorCodec.decode(ErrorCodec.java:167)\r\n\tat org.openqa.selenium.remote.codec.w3c.W3CHttpResponseCodec.decode(W3CHttpResponseCodec.java:138)\r\n\tat org.openqa.selenium.remote.codec.w3c.W3CHttpResponseCodec.decode(W3CHttpResponseCodec.java:50)\r\n\tat org.openqa.selenium.remote.HttpCommandExecutor.execute(HttpCommandExecutor.java:215)\r\n\tat org.openqa.selenium.remote.TracedCommandExecutor.execute(TracedCommandExecutor.java:53)\r\n\tat org.openqa.selenium.remote.RemoteWebDriver.execute(RemoteWebDriver.java:545)\r\n\tat org.openqa.selenium.remote.RemoteWebElement.execute(RemoteWebElement.java:223)\r\n\tat org.openqa.selenium.remote.RemoteWebElement.isDisplayed(RemoteWebElement.java:282)\r\n\tat org.openqa.selenium.support.ui.ExpectedConditions.elementIfVisible(ExpectedConditions.java:304)\r\n\tat org.openqa.selenium.support.ui.ExpectedConditions$10.apply(ExpectedConditions.java:290)\r\n\tat org.openqa.selenium.support.ui.ExpectedConditions$10.apply(ExpectedConditions.java:287)\r\n\tat org.openqa.selenium.support.ui.ExpectedConditions$23.apply(ExpectedConditions.java:656)\r\n\tat org.openqa.selenium.support.ui.ExpectedConditions$23.apply(ExpectedConditions.java:652)\r\n\tat org.openqa.selenium.support.ui.FluentWait.until(FluentWait.java:203)\r\n\tat com.urbanLadder.pages.BookShelves.explicitWait(BookShelves.java:43)\r\n\tat com.urbanLadder.pages.BookShelves.displayNamesandPrices(BookShelves.java:125)\r\n\tat StepDefinitions.BookShelvesDefinition.i_should_see_the_top_bookshelves_displayed_with_their_names_and_prices(BookShelvesDefinition.java:73)\r\n\tat ✽.I should see the top 3 bookshelves displayed with their names and prices(file:///C:/Users/2407279/eclipse-workspace/DisplayBookshelves/src/test/resources/features/01_BookShelves.feature:34)\r\n","flaky":false,"newFailed":false,"newBroken":false,"newPassed":false,"retriesCount":0,"retriesStatusChange":false,"beforeStages":[{"name":"com.urbanLadder.hooks.Hook.setUp(io.cucumber.java.Scenario)","time":{"start":1753070523602,"stop":1753070531780,"duration":8178},"status":"passed","steps":[],"attachments":[],"parameters":[],"stepsCount":0,"attachmentStep":false,"hasContent":false,"shouldDisplayMessage":false,"attachmentsCount":0}],"testStage":{"description":"  As a user of the Urban Ladder website\n  I want to browse, filter, and purchase items\n  So that I can find products that match my preferences","status":"broken","statusMessage":"stale element reference: stale element not found in the current frame\n  (Session info: chrome=137.0.7151.69)\nFor documentation on this error, please visit: https://www.selenium.dev/documentation/webdriver/troubleshooting/errors#stale-element-reference-exception\nBuild info: version: '4.32.0', revision: 'd17c8aa950'\nSystem info: os.name: 'Windows 11', os.arch: 'amd64', os.version: '10.0', java.version: '21'\nDriver info: org.openqa.selenium.remote.RemoteWebDriver\nCommand: [339d1c43a231276dd470e1dd317b4646, isElementDisplayed {id=f.99AF2B0AE2CFB46015953F305CD3CAFC.d.A548256D4AB3D8986F2B61EA333FA0DE.e.214}]\nCapabilities {acceptInsecureCerts: false, browserName: chrome, browserVersion: 137.0.7151.69, chrome: {chromedriverVersion: 137.0.7151.119 (e0ac9d12dff..., userDataDir: C:\\Users\\2407279\\AppData\\Lo...}, fedcm:accounts: true, goog:chromeOptions: {debuggerAddress: localhost:53352}, networkConnectionEnabled: false, pageLoadStrategy: normal, platformName: windows, proxy: Proxy(), se:bidiEnabled: false, se:cdp: ws://10.109.177.224:4444/se..., se:cdpVersion: 137.0.7151.69, setWindowRect: true, strictFileInteractability: false, timeouts: {implicit: 0, pageLoad: 300000, script: 30000}, unhandledPromptBehavior: dismiss and notify, webauthn:extension:credBlob: true, webauthn:extension:largeBlob: true, webauthn:extension:minPinLength: true, webauthn:extension:prf: true, webauthn:virtualAuthenticators: true}\nElement: [[RemoteWebDriver: chrome on windows (339d1c43a231276dd470e1dd317b4646)] -> xpath: (//*[@id=\"content\"]/div[3]/ul/li/div/div[5]/a/div[1]/span)[position()<=3]]\nSession ID: 339d1c43a231276dd470e1dd317b4646","statusTrace":"org.openqa.selenium.StaleElementReferenceException: stale element reference: stale element not found in the current frame\n  (Session info: chrome=137.0.7151.69)\nFor documentation on this error, please visit: https://www.selenium.dev/documentation/webdriver/troubleshooting/errors#stale-element-reference-exception\nBuild info: version: '4.32.0', revision: 'd17c8aa950'\nSystem info: os.name: 'Windows 11', os.arch: 'amd64', os.version: '10.0', java.version: '21'\nDriver info: org.openqa.selenium.remote.RemoteWebDriver\nCommand: [339d1c43a231276dd470e1dd317b4646, isElementDisplayed {id=f.99AF2B0AE2CFB46015953F305CD3CAFC.d.A548256D4AB3D8986F2B61EA333FA0DE.e.214}]\nCapabilities {acceptInsecureCerts: false, browserName: chrome, browserVersion: 137.0.7151.69, chrome: {chromedriverVersion: 137.0.7151.119 (e0ac9d12dff..., userDataDir: C:\\Users\\2407279\\AppData\\Lo...}, fedcm:accounts: true, goog:chromeOptions: {debuggerAddress: localhost:53352}, networkConnectionEnabled: false, pageLoadStrategy: normal, platformName: windows, proxy: Proxy(), se:bidiEnabled: false, se:cdp: ws://10.109.177.224:4444/se..., se:cdpVersion: 137.0.7151.69, setWindowRect: true, strictFileInteractability: false, timeouts: {implicit: 0, pageLoad: 300000, script: 30000}, unhandledPromptBehavior: dismiss and notify, webauthn:extension:credBlob: true, webauthn:extension:largeBlob: true, webauthn:extension:minPinLength: true, webauthn:extension:prf: true, webauthn:virtualAuthenticators: true}\nElement: [[RemoteWebDriver: chrome on windows (339d1c43a231276dd470e1dd317b4646)] -> xpath: (//*[@id=\"content\"]/div[3]/ul/li/div/div[5]/a/div[1]/span)[position()<=3]]\nSession ID: 339d1c43a231276dd470e1dd317b4646\r\n\tat java.base/jdk.internal.reflect.DirectConstructorHandleAccessor.newInstance(DirectConstructorHandleAccessor.java:62)\r\n\tat java.base/java.lang.reflect.Constructor.newInstanceWithCaller(Constructor.java:502)\r\n\tat java.base/java.lang.reflect.Constructor.newInstance(Constructor.java:486)\r\n\tat org.openqa.selenium.remote.ErrorCodec.decode(ErrorCodec.java:167)\r\n\tat org.openqa.selenium.remote.codec.w3c.W3CHttpResponseCodec.decode(W3CHttpResponseCodec.java:138)\r\n\tat org.openqa.selenium.remote.codec.w3c.W3CHttpResponseCodec.decode(W3CHttpResponseCodec.java:50)\r\n\tat org.openqa.selenium.remote.HttpCommandExecutor.execute(HttpCommandExecutor.java:215)\r\n\tat org.openqa.selenium.remote.TracedCommandExecutor.execute(TracedCommandExecutor.java:53)\r\n\tat org.openqa.selenium.remote.RemoteWebDriver.execute(RemoteWebDriver.java:545)\r\n\tat org.openqa.selenium.remote.RemoteWebElement.execute(RemoteWebElement.java:223)\r\n\tat org.openqa.selenium.remote.RemoteWebElement.isDisplayed(RemoteWebElement.java:282)\r\n\tat org.openqa.selenium.support.ui.ExpectedConditions.elementIfVisible(ExpectedConditions.java:304)\r\n\tat org.openqa.selenium.support.ui.ExpectedConditions$10.apply(ExpectedConditions.java:290)\r\n\tat org.openqa.selenium.support.ui.ExpectedConditions$10.apply(ExpectedConditions.java:287)\r\n\tat org.openqa.selenium.support.ui.ExpectedConditions$23.apply(ExpectedConditions.java:656)\r\n\tat org.openqa.selenium.support.ui.ExpectedConditions$23.apply(ExpectedConditions.java:652)\r\n\tat org.openqa.selenium.support.ui.FluentWait.until(FluentWait.java:203)\r\n\tat com.urbanLadder.pages.BookShelves.explicitWait(BookShelves.java:43)\r\n\tat com.urbanLadder.pages.BookShelves.displayNamesandPrices(BookShelves.java:125)\r\n\tat StepDefinitions.BookShelvesDefinition.i_should_see_the_top_bookshelves_displayed_with_their_names_and_prices(BookShelvesDefinition.java:73)\r\n\tat ✽.I should see the top 3 bookshelves displayed with their names and prices(file:///C:/Users/2407279/eclipse-workspace/DisplayBookshelves/src/test/resources/features/01_BookShelves.feature:34)\r\n","steps":[{"name":"Given I open the Urban Ladder website","time":{"start":1753070531857,"stop":1753070531884,"duration":27},"status":"passed","steps":[],"attachments":[],"parameters":[],"stepsCount":0,"attachmentStep":false,"hasContent":false,"shouldDisplayMessage":false,"attachmentsCount":0},{"name":"And I navigate to the \"Living\" section","time":{"start":1753070531884,"stop":1753070532065,"duration":181},"status":"passed","steps":[],"attachments":[],"parameters":[],"stepsCount":0,"attachmentStep":false,"hasContent":false,"shouldDisplayMessage":false,"attachmentsCount":0},{"name":"When I click on the \"Bookshelves\" category","time":{"start":1753070532066,"stop":1753070534316,"duration":2250},"status":"passed","steps":[],"attachments":[],"parameters":[],"stepsCount":0,"attachmentStep":false,"hasContent":false,"shouldDisplayMessage":false,"attachmentsCount":0},{"name":"And I close the popup modal if it appears","time":{"start":1753070534317,"stop":1753070537890,"duration":3573},"status":"passed","steps":[],"attachments":[],"parameters":[],"stepsCount":0,"attachmentStep":false,"hasContent":false,"shouldDisplayMessage":false,"attachmentsCount":0},{"name":"And I apply the \"Open\" storage type filter","time":{"start":1753070537890,"stop":1753070538748,"duration":858},"status":"passed","steps":[],"attachments":[],"parameters":[],"stepsCount":0,"attachmentStep":false,"hasContent":false,"shouldDisplayMessage":false,"attachmentsCount":0},{"name":"And I adjust the price range using the slider","time":{"start":1753070538749,"stop":1753070539576,"duration":827},"status":"passed","steps":[],"attachments":[],"parameters":[],"stepsCount":0,"attachmentStep":false,"hasContent":false,"shouldDisplayMessage":false,"attachmentsCount":0},{"name":"And I select the \"In Stock Only\" checkbox","time":{"start":1753070539577,"stop":1753070539806,"duration":229},"status":"passed","steps":[],"attachments":[],"parameters":[],"stepsCount":0,"attachmentStep":false,"hasContent":false,"shouldDisplayMessage":false,"attachmentsCount":0},{"name":"Then I should see the top 3 bookshelves displayed with their names and prices","time":{"start":1753070539807,"stop":1753070540818,"duration":1011},"status":"broken","statusMessage":"stale element reference: stale element not found in the current frame\n  (Session info: chrome=137.0.7151.69)\nFor documentation on this error, please visit: https://www.selenium.dev/documentation/webdriver/troubleshooting/errors#stale-element-reference-exception\nBuild info: version: '4.32.0', revision: 'd17c8aa950'\nSystem info: os.name: 'Windows 11', os.arch: 'amd64', os.version: '10.0', java.version: '21'\nDriver info: org.openqa.selenium.remote.RemoteWebDriver\nCommand: [339d1c43a231276dd470e1dd317b4646, isElementDisplayed {id=f.99AF2B0AE2CFB46015953F305CD3CAFC.d.A548256D4AB3D8986F2B61EA333FA0DE.e.214}]\nCapabilities {acceptInsecureCerts: false, browserName: chrome, browserVersion: 137.0.7151.69, chrome: {chromedriverVersion: 137.0.7151.119 (e0ac9d12dff..., userDataDir: C:\\Users\\2407279\\AppData\\Lo...}, fedcm:accounts: true, goog:chromeOptions: {debuggerAddress: localhost:53352}, networkConnectionEnabled: false, pageLoadStrategy: normal, platformName: windows, proxy: Proxy(), se:bidiEnabled: false, se:cdp: ws://10.109.177.224:4444/se..., se:cdpVersion: 137.0.7151.69, setWindowRect: true, strictFileInteractability: false, timeouts: {implicit: 0, pageLoad: 300000, script: 30000}, unhandledPromptBehavior: dismiss and notify, webauthn:extension:credBlob: true, webauthn:extension:largeBlob: true, webauthn:extension:minPinLength: true, webauthn:extension:prf: true, webauthn:virtualAuthenticators: true}\nElement: [[RemoteWebDriver: chrome on windows (339d1c43a231276dd470e1dd317b4646)] -> xpath: (//*[@id=\"content\"]/div[3]/ul/li/div/div[5]/a/div[1]/span)[position()<=3]]\nSession ID: 339d1c43a231276dd470e1dd317b4646","statusTrace":"org.openqa.selenium.StaleElementReferenceException: stale element reference: stale element not found in the current frame\n  (Session info: chrome=137.0.7151.69)\nFor documentation on this error, please visit: https://www.selenium.dev/documentation/webdriver/troubleshooting/errors#stale-element-reference-exception\nBuild info: version: '4.32.0', revision: 'd17c8aa950'\nSystem info: os.name: 'Windows 11', os.arch: 'amd64', os.version: '10.0', java.version: '21'\nDriver info: org.openqa.selenium.remote.RemoteWebDriver\nCommand: [339d1c43a231276dd470e1dd317b4646, isElementDisplayed {id=f.99AF2B0AE2CFB46015953F305CD3CAFC.d.A548256D4AB3D8986F2B61EA333FA0DE.e.214}]\nCapabilities {acceptInsecureCerts: false, browserName: chrome, browserVersion: 137.0.7151.69, chrome: {chromedriverVersion: 137.0.7151.119 (e0ac9d12dff..., userDataDir: C:\\Users\\2407279\\AppData\\Lo...}, fedcm:accounts: true, goog:chromeOptions: {debuggerAddress: localhost:53352}, networkConnectionEnabled: false, pageLoadStrategy: normal, platformName: windows, proxy: Proxy(), se:bidiEnabled: false, se:cdp: ws://10.109.177.224:4444/se..., se:cdpVersion: 137.0.7151.69, setWindowRect: true, strictFileInteractability: false, timeouts: {implicit: 0, pageLoad: 300000, script: 30000}, unhandledPromptBehavior: dismiss and notify, webauthn:extension:credBlob: true, webauthn:extension:largeBlob: true, webauthn:extension:minPinLength: true, webauthn:extension:prf: true, webauthn:virtualAuthenticators: true}\nElement: [[RemoteWebDriver: chrome on windows (339d1c43a231276dd470e1dd317b4646)] -> xpath: (//*[@id=\"content\"]/div[3]/ul/li/div/div[5]/a/div[1]/span)[position()<=3]]\nSession ID: 339d1c43a231276dd470e1dd317b4646\r\n\tat java.base/jdk.internal.reflect.DirectConstructorHandleAccessor.newInstance(DirectConstructorHandleAccessor.java:62)\r\n\tat java.base/java.lang.reflect.Constructor.newInstanceWithCaller(Constructor.java:502)\r\n\tat java.base/java.lang.reflect.Constructor.newInstance(Constructor.java:486)\r\n\tat org.openqa.selenium.remote.ErrorCodec.decode(ErrorCodec.java:167)\r\n\tat org.openqa.selenium.remote.codec.w3c.W3CHttpResponseCodec.decode(W3CHttpResponseCodec.java:138)\r\n\tat org.openqa.selenium.remote.codec.w3c.W3CHttpResponseCodec.decode(W3CHttpResponseCodec.java:50)\r\n\tat org.openqa.selenium.remote.HttpCommandExecutor.execute(HttpCommandExecutor.java:215)\r\n\tat org.openqa.selenium.remote.TracedCommandExecutor.execute(TracedCommandExecutor.java:53)\r\n\tat org.openqa.selenium.remote.RemoteWebDriver.execute(RemoteWebDriver.java:545)\r\n\tat org.openqa.selenium.remote.RemoteWebElement.execute(RemoteWebElement.java:223)\r\n\tat org.openqa.selenium.remote.RemoteWebElement.isDisplayed(RemoteWebElement.java:282)\r\n\tat org.openqa.selenium.support.ui.ExpectedConditions.elementIfVisible(ExpectedConditions.java:304)\r\n\tat org.openqa.selenium.support.ui.ExpectedConditions$10.apply(ExpectedConditions.java:290)\r\n\tat org.openqa.selenium.support.ui.ExpectedConditions$10.apply(ExpectedConditions.java:287)\r\n\tat org.openqa.selenium.support.ui.ExpectedConditions$23.apply(ExpectedConditions.java:656)\r\n\tat org.openqa.selenium.support.ui.ExpectedConditions$23.apply(ExpectedConditions.java:652)\r\n\tat org.openqa.selenium.support.ui.FluentWait.until(FluentWait.java:203)\r\n\tat com.urbanLadder.pages.BookShelves.explicitWait(BookShelves.java:43)\r\n\tat com.urbanLadder.pages.BookShelves.displayNamesandPrices(BookShelves.java:125)\r\n\tat StepDefinitions.BookShelvesDefinition.i_should_see_the_top_bookshelves_displayed_with_their_names_and_prices(BookShelvesDefinition.java:73)\r\n\tat ✽.I should see the top 3 bookshelves displayed with their names and prices(file:///C:/Users/2407279/eclipse-workspace/DisplayBookshelves/src/test/resources/features/01_BookShelves.feature:34)\r\n","steps":[],"attachments":[],"parameters":[],"stepsCount":0,"attachmentStep":false,"hasContent":true,"shouldDisplayMessage":true,"attachmentsCount":0}],"attachments":[],"parameters":[],"stepsCount":8,"attachmentStep":false,"hasContent":true,"shouldDisplayMessage":false,"attachmentsCount":0},"afterStages":[{"name":"com.urbanLadder.hooks.Hook.tearDown(io.cucumber.java.Scenario)","time":{"start":1753070540823,"stop":1753070545975,"duration":5152},"status":"passed","steps":[],"attachments":[{"uid":"6e46505fafa3c110","name":"Screenshot on Failure","source":"6e46505fafa3c110.png","type":"image/png","size":675194}],"parameters":[],"stepsCount":0,"attachmentStep":false,"hasContent":true,"shouldDisplayMessage":false,"attachmentsCount":1}],"labels":[{"name":"host","value":"LTIN473430"},{"name":"thread","value":"16772@LTIN473430.main(1)"},{"name":"feature","value":"Urban Ladder shopping and filtering experience"},{"name":"story","value":"Filter bookshelves by storage type, price, and availability"},{"name":"suite","value":"Urban Ladder shopping and filtering experience"},{"name":"testClass","value":"Filter bookshelves by storage type, price, and availability"},{"name":"framework","value":"cucumber4jvm"},{"name":"language","value":"java"},{"name":"gherkin_uri","value":"file:///C:/Users/2407279/eclipse-workspace/DisplayBookshelves/src/test/resources/features/01_BookShelves.feature"},{"name":"package","value":"src.test.resources.features.01_BookShelves_feature.Urban Ladder shopping and filtering experience"},{"name":"resultFormat","value":"allure2"}],"parameters":[],"links":[],"hidden":true,"retry":true,"extra":{"categories":[],"tags":[]},"source":"aaba399734c5e77c.json","parameterValues":[]}