{"uuid":"60b66bb9-4eb2-409b-9dce-42245e935aac","historyId":"89cbbdd9d88fb565f9461d94e923866","testCaseId":"8553e3af2318be5a90b1d46d044a410f","fullName":"src/test/resources/features/06_ShowCases.feature:21","labels":[{"name":"host","value":"LTIN473430"},{"name":"thread","value":"22708@LTIN473430.main(1)"},{"name":"feature","value":"Filter and display showcase items on Urban Ladder"},{"name":"story","value":"User filters showcases by closed storage type and excludes out-of-stock items"},{"name":"suite","value":"Filter and display showcase items on Urban Ladder"},{"name":"testClass","value":"User filters showcases by closed storage type and excludes out-of-stock items"},{"name":"framework","value":"cucumber4jvm"},{"name":"language","value":"java"},{"name":"gherkin_uri","value":"file:///C:/Users/2407279/eclipse-workspace/DisplayBookshelves/src/test/resources/features/06_ShowCases.feature"},{"name":"package","value":"src.test.resources.features.06_ShowCases_feature.Filter and display showcase items on Urban Ladder"}],"links":[],"name":"User filters showcases by closed storage type and excludes out-of-stock items","status":"broken","statusDetails":{"known":false,"muted":false,"flaky":false,"message":"stale element reference: stale element not found in the current frame\n  (Session info: chrome=137.0.7151.69)\nFor documentation on this error, please visit: https://www.selenium.dev/documentation/webdriver/troubleshooting/errors#stale-element-reference-exception\nBuild info: version: '4.32.0', revision: 'd17c8aa950'\nSystem info: os.name: 'Windows 11', os.arch: 'amd64', os.version: '10.0', java.version: '21'\nDriver info: org.openqa.selenium.remote.RemoteWebDriver\nCommand: [8e84c7e316fed42a25f347cc3ad73b16, isElementDisplayed {id=f.B538CD51D7AC104AA738008A1994558D.d.44599379AAF5D6DE92D81EECBCC45F8E.e.198}]\nCapabilities {acceptInsecureCerts: false, browserName: chrome, browserVersion: 137.0.7151.69, chrome: {chromedriverVersion: 137.0.7151.119 (e0ac9d12dff..., userDataDir: C:\\Users\\2407279\\AppData\\Lo...}, fedcm:accounts: true, goog:chromeOptions: {debuggerAddress: localhost:52950}, networkConnectionEnabled: false, pageLoadStrategy: normal, platformName: windows, proxy: Proxy(), se:bidiEnabled: false, se:cdp: ws://10.109.177.224:4444/se..., se:cdpVersion: 137.0.7151.69, setWindowRect: true, strictFileInteractability: false, timeouts: {implicit: 0, pageLoad: 300000, script: 30000}, unhandledPromptBehavior: dismiss and notify, webauthn:extension:credBlob: true, webauthn:extension:largeBlob: true, webauthn:extension:minPinLength: true, webauthn:extension:prf: true, webauthn:virtualAuthenticators: true}\nElement: [[RemoteWebDriver: chrome on windows (8e84c7e316fed42a25f347cc3ad73b16)] -> xpath: (//div[@class='product-title product-title-sofa-mattresses']/span)[position()<=3]]\nSession ID: 8e84c7e316fed42a25f347cc3ad73b16","trace":"org.openqa.selenium.StaleElementReferenceException: stale element reference: stale element not found in the current frame\n  (Session info: chrome=137.0.7151.69)\nFor documentation on this error, please visit: https://www.selenium.dev/documentation/webdriver/troubleshooting/errors#stale-element-reference-exception\nBuild info: version: '4.32.0', revision: 'd17c8aa950'\nSystem info: os.name: 'Windows 11', os.arch: 'amd64', os.version: '10.0', java.version: '21'\nDriver info: org.openqa.selenium.remote.RemoteWebDriver\nCommand: [8e84c7e316fed42a25f347cc3ad73b16, isElementDisplayed {id=f.B538CD51D7AC104AA738008A1994558D.d.44599379AAF5D6DE92D81EECBCC45F8E.e.198}]\nCapabilities {acceptInsecureCerts: false, browserName: chrome, browserVersion: 137.0.7151.69, chrome: {chromedriverVersion: 137.0.7151.119 (e0ac9d12dff..., userDataDir: C:\\Users\\2407279\\AppData\\Lo...}, fedcm:accounts: true, goog:chromeOptions: {debuggerAddress: localhost:52950}, networkConnectionEnabled: false, pageLoadStrategy: normal, platformName: windows, proxy: Proxy(), se:bidiEnabled: false, se:cdp: ws://10.109.177.224:4444/se..., se:cdpVersion: 137.0.7151.69, setWindowRect: true, strictFileInteractability: false, timeouts: {implicit: 0, pageLoad: 300000, script: 30000}, unhandledPromptBehavior: dismiss and notify, webauthn:extension:credBlob: true, webauthn:extension:largeBlob: true, webauthn:extension:minPinLength: true, webauthn:extension:prf: true, webauthn:virtualAuthenticators: true}\nElement: [[RemoteWebDriver: chrome on windows (8e84c7e316fed42a25f347cc3ad73b16)] -> xpath: (//div[@class='product-title product-title-sofa-mattresses']/span)[position()<=3]]\nSession ID: 8e84c7e316fed42a25f347cc3ad73b16\r\n\tat java.base/jdk.internal.reflect.DirectConstructorHandleAccessor.newInstance(DirectConstructorHandleAccessor.java:62)\r\n\tat java.base/java.lang.reflect.Constructor.newInstanceWithCaller(Constructor.java:502)\r\n\tat java.base/java.lang.reflect.Constructor.newInstance(Constructor.java:486)\r\n\tat org.openqa.selenium.remote.ErrorCodec.decode(ErrorCodec.java:167)\r\n\tat org.openqa.selenium.remote.codec.w3c.W3CHttpResponseCodec.decode(W3CHttpResponseCodec.java:138)\r\n\tat org.openqa.selenium.remote.codec.w3c.W3CHttpResponseCodec.decode(W3CHttpResponseCodec.java:50)\r\n\tat org.openqa.selenium.remote.HttpCommandExecutor.execute(HttpCommandExecutor.java:215)\r\n\tat org.openqa.selenium.remote.TracedCommandExecutor.execute(TracedCommandExecutor.java:53)\r\n\tat org.openqa.selenium.remote.RemoteWebDriver.execute(RemoteWebDriver.java:545)\r\n\tat org.openqa.selenium.remote.RemoteWebElement.execute(RemoteWebElement.java:223)\r\n\tat org.openqa.selenium.remote.RemoteWebElement.isDisplayed(RemoteWebElement.java:282)\r\n\tat org.openqa.selenium.support.ui.ExpectedConditions.elementIfVisible(ExpectedConditions.java:304)\r\n\tat org.openqa.selenium.support.ui.ExpectedConditions$10.apply(ExpectedConditions.java:290)\r\n\tat org.openqa.selenium.support.ui.ExpectedConditions$10.apply(ExpectedConditions.java:287)\r\n\tat org.openqa.selenium.support.ui.ExpectedConditions$23.apply(ExpectedConditions.java:656)\r\n\tat org.openqa.selenium.support.ui.ExpectedConditions$23.apply(ExpectedConditions.java:652)\r\n\tat org.openqa.selenium.support.ui.FluentWait.until(FluentWait.java:203)\r\n\tat com.urbanLadder.pages.Showcases.explicitWait(Showcases.java:38)\r\n\tat com.urbanLadder.pages.Showcases.displayNamesandPrices(Showcases.java:85)\r\n\tat StepDefinitions.ShowCases.the_user_should_see_the_names_and_prices_of_the_top_showcase_items(ShowCases.java:50)\r\n\tat ✽.the user should see the names and prices of the top 3 showcase items(file:///C:/Users/2407279/eclipse-workspace/DisplayBookshelves/src/test/resources/features/06_ShowCases.feature:27)\r\n"},"stage":"finished","steps":[{"name":"Given the user is on the Urban Ladder homepage","status":"passed","statusDetails":{"known":false,"muted":false,"flaky":false},"stage":"finished","steps":[],"attachments":[],"parameters":[],"start":1753070309132,"stop":1753070309135},{"name":"When the user hovers over the \"Living\" menu","status":"passed","statusDetails":{"known":false,"muted":false,"flaky":false},"stage":"finished","steps":[],"attachments":[],"parameters":[],"start":1753070309136,"stop":1753070309298},{"name":"And the user clicks on \"Showcases\"","status":"passed","statusDetails":{"known":false,"muted":false,"flaky":false},"stage":"finished","steps":[],"attachments":[],"parameters":[],"start":1753070309299,"stop":1753070311197},{"name":"And the user selects \"Closed\" under storage type filter","status":"passed","statusDetails":{"known":false,"muted":false,"flaky":false},"stage":"finished","steps":[],"attachments":[],"parameters":[],"start":1753070311197,"stop":1753070312033},{"name":"And the user excludes out-of-stock items","status":"passed","statusDetails":{"known":false,"muted":false,"flaky":false},"stage":"finished","steps":[],"attachments":[],"parameters":[],"start":1753070312033,"stop":1753070312198},{"name":"Then the user should see the names and prices of the top 3 showcase items","status":"broken","statusDetails":{"known":false,"muted":false,"flaky":false,"message":"stale element reference: stale element not found in the current frame\n  (Session info: chrome=137.0.7151.69)\nFor documentation on this error, please visit: https://www.selenium.dev/documentation/webdriver/troubleshooting/errors#stale-element-reference-exception\nBuild info: version: '4.32.0', revision: 'd17c8aa950'\nSystem info: os.name: 'Windows 11', os.arch: 'amd64', os.version: '10.0', java.version: '21'\nDriver info: org.openqa.selenium.remote.RemoteWebDriver\nCommand: [8e84c7e316fed42a25f347cc3ad73b16, isElementDisplayed {id=f.B538CD51D7AC104AA738008A1994558D.d.44599379AAF5D6DE92D81EECBCC45F8E.e.198}]\nCapabilities {acceptInsecureCerts: false, browserName: chrome, browserVersion: 137.0.7151.69, chrome: {chromedriverVersion: 137.0.7151.119 (e0ac9d12dff..., userDataDir: C:\\Users\\2407279\\AppData\\Lo...}, fedcm:accounts: true, goog:chromeOptions: {debuggerAddress: localhost:52950}, networkConnectionEnabled: false, pageLoadStrategy: normal, platformName: windows, proxy: Proxy(), se:bidiEnabled: false, se:cdp: ws://10.109.177.224:4444/se..., se:cdpVersion: 137.0.7151.69, setWindowRect: true, strictFileInteractability: false, timeouts: {implicit: 0, pageLoad: 300000, script: 30000}, unhandledPromptBehavior: dismiss and notify, webauthn:extension:credBlob: true, webauthn:extension:largeBlob: true, webauthn:extension:minPinLength: true, webauthn:extension:prf: true, webauthn:virtualAuthenticators: true}\nElement: [[RemoteWebDriver: chrome on windows (8e84c7e316fed42a25f347cc3ad73b16)] -> xpath: (//div[@class='product-title product-title-sofa-mattresses']/span)[position()<=3]]\nSession ID: 8e84c7e316fed42a25f347cc3ad73b16","trace":"org.openqa.selenium.StaleElementReferenceException: stale element reference: stale element not found in the current frame\n  (Session info: chrome=137.0.7151.69)\nFor documentation on this error, please visit: https://www.selenium.dev/documentation/webdriver/troubleshooting/errors#stale-element-reference-exception\nBuild info: version: '4.32.0', revision: 'd17c8aa950'\nSystem info: os.name: 'Windows 11', os.arch: 'amd64', os.version: '10.0', java.version: '21'\nDriver info: org.openqa.selenium.remote.RemoteWebDriver\nCommand: [8e84c7e316fed42a25f347cc3ad73b16, isElementDisplayed {id=f.B538CD51D7AC104AA738008A1994558D.d.44599379AAF5D6DE92D81EECBCC45F8E.e.198}]\nCapabilities {acceptInsecureCerts: false, browserName: chrome, browserVersion: 137.0.7151.69, chrome: {chromedriverVersion: 137.0.7151.119 (e0ac9d12dff..., userDataDir: C:\\Users\\2407279\\AppData\\Lo...}, fedcm:accounts: true, goog:chromeOptions: {debuggerAddress: localhost:52950}, networkConnectionEnabled: false, pageLoadStrategy: normal, platformName: windows, proxy: Proxy(), se:bidiEnabled: false, se:cdp: ws://10.109.177.224:4444/se..., se:cdpVersion: 137.0.7151.69, setWindowRect: true, strictFileInteractability: false, timeouts: {implicit: 0, pageLoad: 300000, script: 30000}, unhandledPromptBehavior: dismiss and notify, webauthn:extension:credBlob: true, webauthn:extension:largeBlob: true, webauthn:extension:minPinLength: true, webauthn:extension:prf: true, webauthn:virtualAuthenticators: true}\nElement: [[RemoteWebDriver: chrome on windows (8e84c7e316fed42a25f347cc3ad73b16)] -> xpath: (//div[@class='product-title product-title-sofa-mattresses']/span)[position()<=3]]\nSession ID: 8e84c7e316fed42a25f347cc3ad73b16\r\n\tat java.base/jdk.internal.reflect.DirectConstructorHandleAccessor.newInstance(DirectConstructorHandleAccessor.java:62)\r\n\tat java.base/java.lang.reflect.Constructor.newInstanceWithCaller(Constructor.java:502)\r\n\tat java.base/java.lang.reflect.Constructor.newInstance(Constructor.java:486)\r\n\tat org.openqa.selenium.remote.ErrorCodec.decode(ErrorCodec.java:167)\r\n\tat org.openqa.selenium.remote.codec.w3c.W3CHttpResponseCodec.decode(W3CHttpResponseCodec.java:138)\r\n\tat org.openqa.selenium.remote.codec.w3c.W3CHttpResponseCodec.decode(W3CHttpResponseCodec.java:50)\r\n\tat org.openqa.selenium.remote.HttpCommandExecutor.execute(HttpCommandExecutor.java:215)\r\n\tat org.openqa.selenium.remote.TracedCommandExecutor.execute(TracedCommandExecutor.java:53)\r\n\tat org.openqa.selenium.remote.RemoteWebDriver.execute(RemoteWebDriver.java:545)\r\n\tat org.openqa.selenium.remote.RemoteWebElement.execute(RemoteWebElement.java:223)\r\n\tat org.openqa.selenium.remote.RemoteWebElement.isDisplayed(RemoteWebElement.java:282)\r\n\tat org.openqa.selenium.support.ui.ExpectedConditions.elementIfVisible(ExpectedConditions.java:304)\r\n\tat org.openqa.selenium.support.ui.ExpectedConditions$10.apply(ExpectedConditions.java:290)\r\n\tat org.openqa.selenium.support.ui.ExpectedConditions$10.apply(ExpectedConditions.java:287)\r\n\tat org.openqa.selenium.support.ui.ExpectedConditions$23.apply(ExpectedConditions.java:656)\r\n\tat org.openqa.selenium.support.ui.ExpectedConditions$23.apply(ExpectedConditions.java:652)\r\n\tat org.openqa.selenium.support.ui.FluentWait.until(FluentWait.java:203)\r\n\tat com.urbanLadder.pages.Showcases.explicitWait(Showcases.java:38)\r\n\tat com.urbanLadder.pages.Showcases.displayNamesandPrices(Showcases.java:85)\r\n\tat StepDefinitions.ShowCases.the_user_should_see_the_names_and_prices_of_the_top_showcase_items(ShowCases.java:50)\r\n\tat ✽.the user should see the names and prices of the top 3 showcase items(file:///C:/Users/2407279/eclipse-workspace/DisplayBookshelves/src/test/resources/features/06_ShowCases.feature:27)\r\n"},"stage":"finished","steps":[],"attachments":[],"parameters":[],"start":1753070312199,"stop":1753070312970}],"attachments":[],"parameters":[],"start":1753070295291,"stop":1753070315679}